
  0%|          | 0/170498071 [00:00<?, ?it/s]
  0%|          | 32768/170498071 [00:00<14:43, 193045.52it/s]
  0%|          | 65536/170498071 [00:00<12:30, 227052.02it/s]
  0%|          | 98304/170498071 [00:00<13:29, 210520.11it/s]
  0%|          | 229376/170498071 [00:00<06:24, 443305.81it/s]
  0%|          | 458752/170498071 [00:00<03:37, 781756.51it/s]
  1%|          | 917504/170498071 [00:00<01:57, 1449338.16it/s]
  1%|          | 1835008/170498071 [00:01<01:01, 2761928.51it/s]
  2%|▏         | 3670016/170498071 [00:01<00:31, 5347443.44it/s]
  4%|▍         | 6782976/170498071 [00:01<00:17, 9439106.81it/s]
  6%|▌         | 9895936/170498071 [00:01<00:13, 12197569.56it/s]
  8%|▊         | 12976128/170498071 [00:01<00:11, 14030556.30it/s]
  9%|▉         | 16056320/170498071 [00:01<00:10, 15278879.94it/s]
 11%|█         | 19136512/170498071 [00:02<00:09, 16135348.75it/s]
 13%|█▎        | 22216704/170498071 [00:02<00:08, 16742860.46it/s]
 15%|█▍        | 25329664/170498071 [00:02<00:08, 17219668.57it/s]
 17%|█▋        | 28344320/170498071 [00:02<00:08, 17350422.04it/s]
 18%|█▊        | 31490048/170498071 [00:02<00:07, 17654428.91it/s]
 20%|██        | 34570240/170498071 [00:03<00:07, 17880119.75it/s]
 22%|██▏       | 37650432/170498071 [00:03<00:07, 17966659.11it/s]
 24%|██▍       | 40730624/170498071 [00:03<00:07, 18023296.25it/s]
 26%|██▌       | 43843584/170498071 [00:03<00:06, 18118026.19it/s]
 28%|██▊       | 46891008/170498071 [00:03<00:06, 18075609.44it/s]
 29%|██▉       | 49971200/170498071 [00:03<00:06, 18098738.42it/s]
 31%|███       | 53084160/170498071 [00:04<00:06, 18165558.51it/s]
 33%|███▎      | 56033280/170498071 [00:04<00:05, 20443181.36it/s]
 34%|███▍      | 58195968/170498071 [00:04<00:06, 18400525.74it/s]
 35%|███▌      | 60129280/170498071 [00:04<00:06, 17914071.71it/s]
 37%|███▋      | 62357504/170498071 [00:04<00:06, 17485354.28it/s]
 38%|███▊      | 64946176/170498071 [00:04<00:05, 19322862.31it/s]
 39%|███▉      | 66977792/170498071 [00:04<00:06, 17100279.00it/s]
 41%|████      | 69107712/170498071 [00:04<00:05, 18006811.40it/s]
 42%|████▏     | 71172096/170498071 [00:05<00:05, 16723126.97it/s]
 43%|████▎     | 73138176/170498071 [00:05<00:05, 17434495.61it/s]
 44%|████▍     | 75464704/170498071 [00:05<00:05, 18927447.16it/s]
 45%|████▌     | 77430784/170498071 [00:07<00:36, 2535493.62it/s] 
 46%|████▌     | 78839808/170498071 [00:09<00:58, 1571709.46it/s]
 47%|████▋     | 79855616/170498071 [00:12<01:34, 955823.26it/s] 
 47%|████▋     | 80773120/170498071 [00:16<02:28, 602183.75it/s]
 48%|████▊     | 81821696/170498071 [00:20<03:18, 445876.58it/s]
 49%|████▊     | 82870272/170498071 [00:25<04:02, 361872.51it/s]
 49%|████▉     | 83918848/170498071 [00:30<04:38, 310419.46it/s]
 50%|████▉     | 84967424/170498071 [00:35<05:14, 272031.90it/s]
 50%|█████     | 86016000/170498071 [00:40<05:39, 249182.30it/s]
 51%|█████     | 87064576/170498071 [00:45<05:50, 237920.34it/s]
 52%|█████▏    | 88113152/170498071 [00:50<06:06, 224493.84it/s]
 52%|█████▏    | 89161728/170498071 [00:57<06:58, 194257.70it/s]
 55%|█████▍    | 93454336/170498071 [00:58<02:29, 514511.82it/s]
 55%|█████▌    | 93880320/170498071 [00:58<02:26, 522127.87it/s]
 55%|█████▌    | 94208000/170498071 [00:59<02:20, 542737.37it/s]
 55%|█████▌    | 94470144/170498071 [00:59<02:16, 557302.82it/s]
 56%|█████▌    | 94666752/170498071 [00:59<02:10, 582808.31it/s]
 56%|█████▌    | 94863360/170498071 [00:59<02:02, 615756.69it/s]
 56%|█████▌    | 95027200/170498071 [00:59<01:57, 642337.81it/s]
 56%|█████▌    | 95191040/170498071 [01:00<01:51, 674298.55it/s]
 56%|█████▌    | 95354880/170498071 [01:00<01:45, 710147.45it/s]
 56%|█████▌    | 95551488/170498071 [01:00<01:36, 776757.02it/s]
 56%|█████▌    | 95748096/170498071 [01:00<01:28, 843427.40it/s]
 56%|█████▋    | 95944704/170498071 [01:00<01:22, 906429.44it/s]
 56%|█████▋    | 96141312/170498071 [01:00<01:17, 963586.73it/s]
 57%|█████▋    | 96337920/170498071 [01:01<01:13, 1011519.90it/s]
 57%|█████▋    | 96567296/170498071 [01:01<01:07, 1098383.71it/s]
 57%|█████▋    | 96796672/170498071 [01:01<01:03, 1165302.51it/s]
 57%|█████▋    | 97026048/170498071 [01:01<01:00, 1216744.87it/s]
 57%|█████▋    | 97288192/170498071 [01:01<00:55, 1307811.31it/s]
 57%|█████▋    | 97550336/170498071 [01:01<00:53, 1372353.64it/s]
 57%|█████▋    | 97779712/170498071 [01:02<00:52, 1373341.43it/s]
 58%|█████▊    | 98074624/170498071 [01:02<00:49, 1477331.11it/s]
 58%|█████▊    | 98336768/170498071 [01:02<00:48, 1499329.03it/s]
 58%|█████▊    | 98631680/170498071 [01:02<00:45, 1571235.31it/s]
 58%|█████▊    | 98959360/170498071 [01:02<00:42, 1675185.74it/s]
 58%|█████▊    | 99287040/170498071 [01:02<00:40, 1749749.25it/s]
 58%|█████▊    | 99614720/170498071 [01:03<00:39, 1803878.42it/s]
 59%|█████▊    | 99942400/170498071 [01:03<00:38, 1846415.58it/s]
 59%|█████▉    | 100302848/170498071 [01:03<00:36, 1929283.40it/s]
 59%|█████▉    | 100696064/170498071 [01:03<00:34, 2037737.03it/s]
 59%|█████▉    | 101056512/170498071 [01:03<00:31, 2211037.40it/s]
 60%|█████▉    | 101449728/170498071 [01:03<00:28, 2444091.91it/s]
 60%|█████▉    | 101875712/170498071 [01:04<00:27, 2465730.61it/s]
 60%|██████    | 102334464/170498071 [01:04<00:26, 2536480.65it/s]
 60%|██████    | 102793216/170498071 [01:04<00:26, 2582652.79it/s]
 61%|██████    | 103251968/170498071 [01:04<00:25, 2630874.96it/s]
 61%|██████    | 103776256/170498071 [01:04<00:24, 2766671.60it/s]
 61%|██████    | 104300544/170498071 [01:04<00:23, 2865855.48it/s]
 61%|██████▏   | 104824832/170498071 [01:05<00:22, 2936029.92it/s]
 62%|██████▏   | 105414656/170498071 [01:05<00:21, 3094741.45it/s]
 62%|██████▏   | 106004480/170498071 [01:05<00:20, 3209846.71it/s]
 63%|██████▎   | 106627072/170498071 [01:05<00:19, 3345498.31it/s]
 63%|██████▎   | 107249664/170498071 [01:05<00:18, 3448508.72it/s]
 63%|██████▎   | 107937792/170498071 [01:05<00:17, 3625765.12it/s]
 64%|██████▎   | 108625920/170498071 [01:06<00:16, 3754396.10it/s]
 64%|██████▍   | 109346816/170498071 [01:06<00:15, 3907836.61it/s]
 65%|██████▍   | 110100480/170498071 [01:06<00:14, 4068513.93it/s]
 65%|██████▌   | 110886912/170498071 [01:06<00:12, 4828597.54it/s]
 65%|██████▌   | 111411200/170498071 [01:06<00:13, 4325989.14it/s]
 66%|██████▌   | 111902720/170498071 [01:06<00:14, 3927344.13it/s]
 66%|██████▌   | 112656384/170498071 [01:07<00:14, 4117913.50it/s]
 67%|██████▋   | 113541120/170498071 [01:07<00:11, 4776072.45it/s]
 67%|██████▋   | 114360320/170498071 [01:07<00:10, 5240312.48it/s]
 68%|██████▊   | 115277824/170498071 [01:07<00:08, 6141198.90it/s]
 68%|██████▊   | 115933184/170498071 [01:07<00:10, 5417877.48it/s]
 68%|██████▊   | 116523008/170498071 [01:07<00:11, 4851213.69it/s]
 69%|██████▉   | 117473280/170498071 [01:07<00:10, 5106559.34it/s]
 70%|██████▉   | 118554624/170498071 [01:08<00:09, 5525848.05it/s]
 70%|███████   | 119668736/170498071 [01:08<00:08, 6267343.63it/s]
 71%|███████   | 120717312/170498071 [01:08<00:07, 6821587.20it/s]
 71%|███████▏  | 121831424/170498071 [01:08<00:06, 7797276.25it/s]
 72%|███████▏  | 122683392/170498071 [01:08<00:06, 6929774.91it/s]
 72%|███████▏  | 123437056/170498071 [01:08<00:07, 6190909.30it/s]
 73%|███████▎  | 124583936/170498071 [01:08<00:07, 6418751.15it/s]
 74%|███████▍  | 125927424/170498071 [01:09<00:06, 6900827.15it/s]
 75%|███████▍  | 127303680/170498071 [01:09<00:05, 7799664.69it/s]
 75%|███████▌  | 128581632/170498071 [01:09<00:04, 8434511.55it/s]
 76%|███████▌  | 129957888/170498071 [01:09<00:04, 9657719.10it/s]
 77%|███████▋  | 131006464/170498071 [01:09<00:04, 8528202.46it/s]
 77%|███████▋  | 131923968/170498071 [01:09<00:05, 7623074.94it/s]
 78%|███████▊  | 133398528/170498071 [01:09<00:04, 8019714.88it/s]
 79%|███████▉  | 135036928/170498071 [01:10<00:03, 9167705.52it/s]
 80%|████████  | 136544256/170498071 [01:10<00:03, 9941134.94it/s]
 81%|████████  | 138117120/170498071 [01:10<00:02, 11272591.29it/s]
 82%|████████▏ | 139329536/170498071 [01:10<00:03, 9825404.86it/s] 
 82%|████████▏ | 140378112/170498071 [01:10<00:03, 8881495.14it/s]
 83%|████████▎ | 142213120/170498071 [01:10<00:02, 10278044.18it/s]
 84%|████████▍ | 143949824/170498071 [01:10<00:02, 11241507.35it/s]
 85%|████████▌ | 145293312/170498071 [01:10<00:02, 11763026.50it/s]
 86%|████████▌ | 146538496/170498071 [01:11<00:02, 10480193.20it/s]
 87%|████████▋ | 148242432/170498071 [01:11<00:01, 11302665.05it/s]
 88%|████████▊ | 150142976/170498071 [01:11<00:01, 12428031.54it/s]
 89%|████████▉ | 151420928/170498071 [01:11<00:01, 12507303.95it/s]
 90%|████████▉ | 152698880/170498071 [01:11<00:01, 11077736.12it/s]
 91%|█████████ | 154861568/170498071 [01:11<00:01, 12675674.01it/s]
 92%|█████████▏| 156958720/170498071 [01:11<00:00, 13875241.75it/s]
 93%|█████████▎| 158367744/170498071 [01:11<00:00, 13868431.54it/s]
 94%|█████████▎| 159776768/170498071 [01:12<00:00, 12274462.95it/s]
 95%|█████████▌| 162136064/170498071 [01:12<00:00, 13975878.62it/s]
 96%|█████████▋| 164429824/170498071 [01:12<00:00, 15258563.12it/s]
 97%|█████████▋| 166002688/170498071 [01:12<00:00, 15314252.08it/s]
 98%|█████████▊| 167575552/170498071 [01:12<00:00, 13575422.45it/s]
100%|█████████▉| 170065920/170498071 [01:12<00:00, 15235121.23it/s]
100%|██████████| 170498071/170498071 [01:12<00:00, 2341878.55it/s] 

