'PROJECT_ROOT=/home/hlcv_team017/env_setup'
Installing miniconda at '/home/hlcv_team017/miniconda3'
PREFIX=/home/hlcv_team017/miniconda3
Unpacking payload ...

Installing base environment...

Preparing transaction: ...working... done
Executing transaction: ...working... done
installation finished.
Creating environment 'hlcv-ss24' based on '/home/hlcv_team017/env_setup/environment.yml'.
Channels:
 - pytorch
 - nvidia
 - anaconda
 - defaults
Platform: linux-64
Collecting package metadata (repodata.json): ...working... done
Solving environment: ...working... done

Downloading and Extracting Packages: ...working... done
Preparing transaction: ...working... done
Verifying transaction: ...working... done
Executing transaction: ...working... done
Installing pip dependencies: ...working... Ran pip subprocess with arguments:
['/home/hlcv_team017/miniconda3/envs/hlcv-ss24/bin/python', '-m', 'pip', 'install', '-U', '-r', '/home/hlcv_team017/env_setup/condaenv.kkr_5_nc.requirements.txt', '--exists-action=b']
Pip subprocess output:
Collecting absl-py==1.4.0
  Downloading absl_py-1.4.0-py3-none-any.whl (126 kB)
     ━━━━━━━━━━━━━━━━━━━━━━━━━━━━━━━━━━━━━━━ 126.5/126.5 kB 2.8 MB/s eta 0:00:00
Collecting cachetools==5.3.0
  Downloading cachetools-5.3.0-py3-none-any.whl (9.3 kB)
Collecting click==8.1.3
  Downloading click-8.1.3-py3-none-any.whl (96 kB)
     ━━━━━━━━━━━━━━━━━━━━━━━━━━━━━━━━━━━━━━━━ 96.6/96.6 kB 7.7 MB/s eta 0:00:00
Collecting docker-pycreds==0.4.0
  Downloading docker_pycreds-0.4.0-py2.py3-none-any.whl (9.0 kB)
Collecting docopt==0.6.2
  Downloading docopt-0.6.2.tar.gz (25 kB)
  Preparing metadata (setup.py): started
  Preparing metadata (setup.py): finished with status 'done'
Collecting gitdb==4.0.10
  Downloading gitdb-4.0.10-py3-none-any.whl (62 kB)
     ━━━━━━━━━━━━━━━━━━━━━━━━━━━━━━━━━━━━━━━━ 62.7/62.7 kB 5.1 MB/s eta 0:00:00
Collecting gitpython==3.1.31
  Downloading GitPython-3.1.31-py3-none-any.whl (184 kB)
     ━━━━━━━━━━━━━━━━━━━━━━━━━━━━━━━━━━━━━━ 184.3/184.3 kB 11.4 MB/s eta 0:00:00
Collecting google-auth==2.17.3
  Downloading google_auth-2.17.3-py2.py3-none-any.whl (178 kB)
     ━━━━━━━━━━━━━━━━━━━━━━━━━━━━━━━━━━━━━━ 178.2/178.2 kB 16.2 MB/s eta 0:00:00
Collecting google-auth-oauthlib==1.0.0
  Downloading google_auth_oauthlib-1.0.0-py2.py3-none-any.whl (18 kB)
Collecting grpcio==1.54.0
  Downloading grpcio-1.54.0-cp39-cp39-manylinux_2_17_x86_64.manylinux2014_x86_64.whl (5.1 MB)
     ━━━━━━━━━━━━━━━━━━━━━━━━━━━━━━━━━━━━━━━━ 5.1/5.1 MB 56.7 MB/s eta 0:00:00
Collecting imageio==2.27.0
  Downloading imageio-2.27.0-py3-none-any.whl (3.4 MB)
     ━━━━━━━━━━━━━━━━━━━━━━━━━━━━━━━━━━━━━━━━ 3.4/3.4 MB 78.3 MB/s eta 0:00:00
Collecting markdown==3.4.3
  Downloading Markdown-3.4.3-py3-none-any.whl (93 kB)
     ━━━━━━━━━━━━━━━━━━━━━━━━━━━━━━━━━━━━━━━━ 93.9/93.9 kB 11.2 MB/s eta 0:00:00
Collecting oauthlib==3.2.2
  Downloading oauthlib-3.2.2-py3-none-any.whl (151 kB)
     ━━━━━━━━━━━━━━━━━━━━━━━━━━━━━━━━━━━━━━ 151.7/151.7 kB 16.4 MB/s eta 0:00:00
Collecting pathtools==0.1.2
  Downloading pathtools-0.1.2.tar.gz (11 kB)
  Preparing metadata (setup.py): started
  Preparing metadata (setup.py): finished with status 'done'
Collecting pipreqs==0.4.13
  Downloading pipreqs-0.4.13-py2.py3-none-any.whl (33 kB)
Collecting protobuf==3.20.3
  Downloading protobuf-3.20.3-cp39-cp39-manylinux_2_5_x86_64.manylinux1_x86_64.whl (1.0 MB)
     ━━━━━━━━━━━━━━━━━━━━━━━━━━━━━━━━━━━━━━━━ 1.0/1.0 MB 56.3 MB/s eta 0:00:00
Collecting pyasn1==0.5.0
  Downloading pyasn1-0.5.0-py2.py3-none-any.whl (83 kB)
     ━━━━━━━━━━━━━━━━━━━━━━━━━━━━━━━━━━━━━━━━ 83.9/83.9 kB 10.5 MB/s eta 0:00:00
Collecting pyasn1-modules==0.3.0
  Downloading pyasn1_modules-0.3.0-py2.py3-none-any.whl (181 kB)
     ━━━━━━━━━━━━━━━━━━━━━━━━━━━━━━━━━━━━━━ 181.3/181.3 kB 20.7 MB/s eta 0:00:00
Collecting pyyaml==6.0
  Downloading PyYAML-6.0-cp39-cp39-manylinux_2_5_x86_64.manylinux1_x86_64.manylinux_2_12_x86_64.manylinux2010_x86_64.whl (661 kB)
     ━━━━━━━━━━━━━━━━━━━━━━━━━━━━━━━━━━━━━━ 661.8/661.8 kB 54.5 MB/s eta 0:00:00
Collecting requests-oauthlib==1.3.1
  Downloading requests_oauthlib-1.3.1-py2.py3-none-any.whl (23 kB)
Collecting rsa==4.9
  Downloading rsa-4.9-py3-none-any.whl (34 kB)
Collecting sentry-sdk==1.23.1
  Downloading sentry_sdk-1.23.1-py2.py3-none-any.whl (205 kB)
     ━━━━━━━━━━━━━━━━━━━━━━━━━━━━━━━━━━━━━━ 205.1/205.1 kB 23.7 MB/s eta 0:00:00
Collecting setproctitle==1.3.2
  Downloading setproctitle-1.3.2-cp39-cp39-manylinux_2_5_x86_64.manylinux1_x86_64.manylinux_2_17_x86_64.manylinux2014_x86_64.whl (30 kB)
Collecting smmap==5.0.0
  Downloading smmap-5.0.0-py3-none-any.whl (24 kB)
Collecting tensorboard==2.13.0
  Downloading tensorboard-2.13.0-py3-none-any.whl (5.6 MB)
     ━━━━━━━━━━━━━━━━━━━━━━━━━━━━━━━━━━━━━━━━ 5.6/5.6 MB 61.6 MB/s eta 0:00:00
Collecting tensorboard-data-server==0.7.0
  Downloading tensorboard_data_server-0.7.0-py3-none-manylinux2014_x86_64.whl (6.6 MB)
     ━━━━━━━━━━━━━━━━━━━━━━━━━━━━━━━━━━━━━━━━ 6.6/6.6 MB 72.5 MB/s eta 0:00:00
Collecting tensorboardx==2.6
  Downloading tensorboardX-2.6-py2.py3-none-any.whl (114 kB)
     ━━━━━━━━━━━━━━━━━━━━━━━━━━━━━━━━━━━━━━ 114.5/114.5 kB 15.0 MB/s eta 0:00:00
Collecting tqdm==4.65.0
  Downloading tqdm-4.65.0-py3-none-any.whl (77 kB)
     ━━━━━━━━━━━━━━━━━━━━━━━━━━━━━━━━━━━━━━━━ 77.1/77.1 kB 8.7 MB/s eta 0:00:00
Collecting wandb==0.15.3
  Downloading wandb-0.15.3-py3-none-any.whl (2.0 MB)
     ━━━━━━━━━━━━━━━━━━━━━━━━━━━━━━━━━━━━━━━━ 2.0/2.0 MB 74.8 MB/s eta 0:00:00
Collecting werkzeug==2.3.3
  Downloading Werkzeug-2.3.3-py3-none-any.whl (242 kB)
     ━━━━━━━━━━━━━━━━━━━━━━━━━━━━━━━━━━━━━━ 242.3/242.3 kB 24.2 MB/s eta 0:00:00
Collecting yarg==0.1.9
  Downloading yarg-0.1.9-py2.py3-none-any.whl (19 kB)
Requirement already satisfied: six>=1.4.0 in /home/hlcv_team017/miniconda3/envs/hlcv-ss24/lib/python3.9/site-packages (from docker-pycreds==0.4.0->-r /home/hlcv_team017/env_setup/condaenv.kkr_5_nc.requirements.txt (line 4)) (1.16.0)
Requirement already satisfied: numpy in /home/hlcv_team017/miniconda3/envs/hlcv-ss24/lib/python3.9/site-packages (from imageio==2.27.0->-r /home/hlcv_team017/env_setup/condaenv.kkr_5_nc.requirements.txt (line 11)) (1.23.5)
Requirement already satisfied: pillow>=8.3.2 in /home/hlcv_team017/miniconda3/envs/hlcv-ss24/lib/python3.9/site-packages (from imageio==2.27.0->-r /home/hlcv_team017/env_setup/condaenv.kkr_5_nc.requirements.txt (line 11)) (9.4.0)
Requirement already satisfied: importlib-metadata>=4.4 in /home/hlcv_team017/miniconda3/envs/hlcv-ss24/lib/python3.9/site-packages (from markdown==3.4.3->-r /home/hlcv_team017/env_setup/condaenv.kkr_5_nc.requirements.txt (line 12)) (6.0.0)
Requirement already satisfied: requests>=2.0.0 in /home/hlcv_team017/miniconda3/envs/hlcv-ss24/lib/python3.9/site-packages (from requests-oauthlib==1.3.1->-r /home/hlcv_team017/env_setup/condaenv.kkr_5_nc.requirements.txt (line 20)) (2.28.1)
Requirement already satisfied: certifi in /home/hlcv_team017/miniconda3/envs/hlcv-ss24/lib/python3.9/site-packages (from sentry-sdk==1.23.1->-r /home/hlcv_team017/env_setup/condaenv.kkr_5_nc.requirements.txt (line 22)) (2022.12.7)
Requirement already satisfied: urllib3<2.0.0 in /home/hlcv_team017/miniconda3/envs/hlcv-ss24/lib/python3.9/site-packages (from sentry-sdk==1.23.1->-r /home/hlcv_team017/env_setup/condaenv.kkr_5_nc.requirements.txt (line 22)) (1.26.15)
Requirement already satisfied: wheel>=0.26 in /home/hlcv_team017/miniconda3/envs/hlcv-ss24/lib/python3.9/site-packages (from tensorboard==2.13.0->-r /home/hlcv_team017/env_setup/condaenv.kkr_5_nc.requirements.txt (line 25)) (0.38.4)
Requirement already satisfied: setuptools>=41.0.0 in /home/hlcv_team017/miniconda3/envs/hlcv-ss24/lib/python3.9/site-packages (from tensorboard==2.13.0->-r /home/hlcv_team017/env_setup/condaenv.kkr_5_nc.requirements.txt (line 25)) (65.6.3)
Requirement already satisfied: packaging in /home/hlcv_team017/miniconda3/envs/hlcv-ss24/lib/python3.9/site-packages (from tensorboardx==2.6->-r /home/hlcv_team017/env_setup/condaenv.kkr_5_nc.requirements.txt (line 27)) (23.0)
Requirement already satisfied: typing-extensions in /home/hlcv_team017/miniconda3/envs/hlcv-ss24/lib/python3.9/site-packages (from wandb==0.15.3->-r /home/hlcv_team017/env_setup/condaenv.kkr_5_nc.requirements.txt (line 29)) (4.4.0)
Requirement already satisfied: appdirs>=1.4.3 in /home/hlcv_team017/miniconda3/envs/hlcv-ss24/lib/python3.9/site-packages (from wandb==0.15.3->-r /home/hlcv_team017/env_setup/condaenv.kkr_5_nc.requirements.txt (line 29)) (1.4.4)
Requirement already satisfied: psutil>=5.0.0 in /home/hlcv_team017/miniconda3/envs/hlcv-ss24/lib/python3.9/site-packages (from wandb==0.15.3->-r /home/hlcv_team017/env_setup/condaenv.kkr_5_nc.requirements.txt (line 29)) (5.9.0)
Requirement already satisfied: MarkupSafe>=2.1.1 in /home/hlcv_team017/miniconda3/envs/hlcv-ss24/lib/python3.9/site-packages (from werkzeug==2.3.3->-r /home/hlcv_team017/env_setup/condaenv.kkr_5_nc.requirements.txt (line 30)) (2.1.1)
Requirement already satisfied: zipp>=0.5 in /home/hlcv_team017/miniconda3/envs/hlcv-ss24/lib/python3.9/site-packages (from importlib-metadata>=4.4->markdown==3.4.3->-r /home/hlcv_team017/env_setup/condaenv.kkr_5_nc.requirements.txt (line 12)) (3.11.0)
Requirement already satisfied: idna<4,>=2.5 in /home/hlcv_team017/miniconda3/envs/hlcv-ss24/lib/python3.9/site-packages (from requests>=2.0.0->requests-oauthlib==1.3.1->-r /home/hlcv_team017/env_setup/condaenv.kkr_5_nc.requirements.txt (line 20)) (3.4)
Requirement already satisfied: charset-normalizer<3,>=2 in /home/hlcv_team017/miniconda3/envs/hlcv-ss24/lib/python3.9/site-packages (from requests>=2.0.0->requests-oauthlib==1.3.1->-r /home/hlcv_team017/env_setup/condaenv.kkr_5_nc.requirements.txt (line 20)) (2.0.4)
Building wheels for collected packages: docopt, pathtools
  Building wheel for docopt (setup.py): started
  Building wheel for docopt (setup.py): finished with status 'done'
  Created wheel for docopt: filename=docopt-0.6.2-py2.py3-none-any.whl size=13705 sha256=83cc958a3d2dc83b979896d2169432b3b21e94f54db1964b07d146b9a181a4a3
  Stored in directory: /home/hlcv_team017/.cache/pip/wheels/70/4a/46/1309fc853b8d395e60bafaf1b6df7845bdd82c95fd59dd8d2b
  Building wheel for pathtools (setup.py): started
  Building wheel for pathtools (setup.py): finished with status 'done'
  Created wheel for pathtools: filename=pathtools-0.1.2-py3-none-any.whl size=8791 sha256=7247d3dc0772662256a27c40827630d1f16f8dce062af8d109fdb3b1a791a2eb
  Stored in directory: /home/hlcv_team017/.cache/pip/wheels/b7/0a/67/ada2a22079218c75a88361c0782855cc72aebc4d18d0289d05
Successfully built docopt pathtools
Installing collected packages: pathtools, docopt, werkzeug, tqdm, tensorboard-data-server, smmap, setproctitle, sentry-sdk, pyyaml, pyasn1, protobuf, oauthlib, imageio, grpcio, docker-pycreds, click, cachetools, absl-py, yarg, tensorboardx, rsa, requests-oauthlib, pyasn1-modules, markdown, gitdb, pipreqs, google-auth, gitpython, wandb, google-auth-oauthlib, tensorboard
Successfully installed absl-py-1.4.0 cachetools-5.3.0 click-8.1.3 docker-pycreds-0.4.0 docopt-0.6.2 gitdb-4.0.10 gitpython-3.1.31 google-auth-2.17.3 google-auth-oauthlib-1.0.0 grpcio-1.54.0 imageio-2.27.0 markdown-3.4.3 oauthlib-3.2.2 pathtools-0.1.2 pipreqs-0.4.13 protobuf-3.20.3 pyasn1-0.5.0 pyasn1-modules-0.3.0 pyyaml-6.0 requests-oauthlib-1.3.1 rsa-4.9 sentry-sdk-1.23.1 setproctitle-1.3.2 smmap-5.0.0 tensorboard-2.13.0 tensorboard-data-server-0.7.0 tensorboardx-2.6 tqdm-4.65.0 wandb-0.15.3 werkzeug-2.3.3 yarg-0.1.9

done
#
# To activate this environment, use
#
#     $ conda activate hlcv-ss24
#
# To deactivate an active environment, use
#
#     $ conda deactivate

Environment 'hlcv-ss24' created successfully
To add conda to you path modify ~/.bashrc and add export PATH=/home/hlcv_team017/miniconda3/bin:/opt/conda/bin:/usr/local/sbin:/usr/local/bin:/usr/sbin:/usr/bin:/sbin:/bin
