000 (57551.000.000) 2024-07-19 15:17:50 Job submitted from host: <134.96.227.100:9618?addrs=134.96.227.100-9618&alias=conduit.hpc.uni-saarland.de&noUDP&sock=schedd_3230098_2371>
...
040 (57551.000.000) 2024-07-19 15:17:57 Started transferring input files
	Transferring to host: <134.96.59.24:9618?addrs=134.96.59.24-9618&alias=tenos.hpc.uni-saarland.de&noUDP&sock=teaching2_2593_c0c3_895>
...
040 (57551.000.000) 2024-07-19 15:17:57 Finished transferring input files
...
001 (57551.000.000) 2024-07-19 15:17:58 Job executing on host: <134.96.59.24:9618?addrs=134.96.59.24-9618&alias=tenos.hpc.uni-saarland.de&noUDP&sock=startd_2333_d28a>
	SlotName: @tenos.hpc.uni-saarland.de
	AvailableGPUs = { GPUs_GPU_87019d2b }
	CondorScratchDir = "/raid/condor/lib/condor/execute/dir_4001173"
	Cpus = 7
	Disk = 443889126
	GPUs = 1
	GPUs_GPU_87019d2b = [ DeviceUuid = "87019d2b-cc45-061f-7c06-2347fb3d78cd"; DevicePciBusId = "0000:05:00.0"; Capability = 6.0; DeviceName = "Tesla P100-SXM2-16GB"; DriverVersion = 12.3; Id = "GPU-87019d2b"; ECCEnabled = true; GlobalMemoryMb = 16276; MaxSupportedVersion = 12030 ]
	Memory = 96737
...
040 (57551.000.000) 2024-07-19 15:24:29 Started transferring output files
...
040 (57551.000.000) 2024-07-19 15:24:29 Finished transferring output files
...
005 (57551.000.000) 2024-07-19 15:24:29 Job terminated.
	(1) Normal termination (return value 0)
		Usr 0 00:00:00, Sys 0 00:00:00  -  Run Remote Usage
		Usr 0 00:00:00, Sys 0 00:00:00  -  Run Local Usage
		Usr 0 00:00:00, Sys 0 00:00:00  -  Total Remote Usage
		Usr 0 00:00:00, Sys 0 00:00:00  -  Total Local Usage
	12166  -  Run Bytes Sent By Job
	1358  -  Run Bytes Received By Job
	12166  -  Total Bytes Sent By Job
	1358  -  Total Bytes Received By Job
	Partitionable Resources :    Usage  Request Allocated Assigned
	   Cpus                 :     0.00        4         7 
	   Disk (KB)            : 48710           2 443889126 
	   Gpus (Average)       :     0           0         1 "GPU-87019d2b"
	   GpusMemory (MB)      :   110                       
	   Memory (MB)          :             12288     96737 
	   TimeExecute (s)      :   391                       
	   TimeSlotBusy (s)     :   392                       

	Job terminated of its own accord at 2024-07-19T13:24:29Z with exit-code 0.
...
