000 (54523.000.000) 2024-06-26 15:54:29 Job submitted from host: <134.96.227.100:9618?addrs=134.96.227.100-9618&alias=conduit.hpc.uni-saarland.de&noUDP&sock=schedd_1598_ac6e>
...
040 (54523.000.000) 2024-06-26 15:54:30 Started transferring input files
	Transferring to host: <134.96.59.24:9618?addrs=134.96.59.24-9618&alias=tenos.hpc.uni-saarland.de&noUDP&sock=teaching1_2593_c0c3_507>
...
040 (54523.000.000) 2024-06-26 15:54:30 Finished transferring input files
...
001 (54523.000.000) 2024-06-26 15:54:31 Job executing on host: <134.96.59.24:9618?addrs=134.96.59.24-9618&alias=tenos.hpc.uni-saarland.de&noUDP&sock=startd_2333_d28a>
	SlotName: @tenos.hpc.uni-saarland.de
	AvailableGPUs = { GPUs_GPU_c97c1695 }
	CondorScratchDir = "/raid/condor/lib/condor/execute/dir_3847177"
	Cpus = 7
	Disk = 443889126
	GPUs = 1
	GPUs_GPU_c97c1695 = [ DeviceUuid = "c97c1695-36f7-e7dd-85d7-83691e4a60a5"; DevicePciBusId = "0000:04:00.0"; Capability = 6.0; DeviceName = "Tesla P100-SXM2-16GB"; DriverVersion = 12.3; Id = "GPU-c97c1695"; ECCEnabled = true; GlobalMemoryMb = 16276; MaxSupportedVersion = 12030 ]
	Memory = 96737
...
040 (54523.000.000) 2024-06-26 16:45:17 Started transferring output files
...
040 (54523.000.000) 2024-06-26 16:45:17 Finished transferring output files
...
005 (54523.000.000) 2024-06-26 16:45:17 Job terminated.
	(1) Normal termination (return value 0)
		Usr 0 00:00:00, Sys 0 00:00:00  -  Run Remote Usage
		Usr 0 00:00:00, Sys 0 00:00:00  -  Run Local Usage
		Usr 0 00:00:00, Sys 0 00:00:00  -  Total Remote Usage
		Usr 0 00:00:00, Sys 0 00:00:00  -  Total Local Usage
	227510  -  Run Bytes Sent By Job
	1358  -  Run Bytes Received By Job
	227510  -  Total Bytes Sent By Job
	1358  -  Total Bytes Received By Job
	Partitionable Resources :     Usage  Request Allocated Assigned
	   Cpus                 :      0.00        4         7 
	   Disk (KB)            : 123257           2 443889126 
	   Gpus (Average)       :      0           0         1 "GPU-c97c1695"
	   GpusMemory (MB)      :    110                       
	   Memory (MB)          :              12288     96737 
	   TimeExecute (s)      :   3046                       
	   TimeSlotBusy (s)     :   3047                       

	Job terminated of its own accord at 2024-06-26T14:45:17Z with exit-code 0.
...
