'PROJECT_ROOT=/home/hlcv_team017/env_setup'
Miniconda is already installed at '/home/hlcv_team017/miniconda3'
An environment with this name already exists. Updating instead.
Channels:
 - pytorch
 - nvidia
 - anaconda
 - defaults
Platform: linux-64
Collecting package metadata (repodata.json): ...working... done
Solving environment: ...working... done
Installing pip dependencies: ...working... Ran pip subprocess with arguments:
['/home/hlcv_team017/miniconda3/envs/hlcv-ss24/bin/python', '-m', 'pip', 'install', '-U', '-r', '/home/hlcv_team017/env_setup/condaenv.7gxd1ty6.requirements.txt', '--exists-action=b']
Pip subprocess output:
Requirement already satisfied: absl-py==1.4.0 in /home/hlcv_team017/miniconda3/envs/hlcv-ss24/lib/python3.9/site-packages (from -r /home/hlcv_team017/env_setup/condaenv.7gxd1ty6.requirements.txt (line 1)) (1.4.0)
Requirement already satisfied: cachetools==5.3.0 in /home/hlcv_team017/miniconda3/envs/hlcv-ss24/lib/python3.9/site-packages (from -r /home/hlcv_team017/env_setup/condaenv.7gxd1ty6.requirements.txt (line 2)) (5.3.0)
Requirement already satisfied: click==8.1.3 in /home/hlcv_team017/miniconda3/envs/hlcv-ss24/lib/python3.9/site-packages (from -r /home/hlcv_team017/env_setup/condaenv.7gxd1ty6.requirements.txt (line 3)) (8.1.3)
Requirement already satisfied: docker-pycreds==0.4.0 in /home/hlcv_team017/miniconda3/envs/hlcv-ss24/lib/python3.9/site-packages (from -r /home/hlcv_team017/env_setup/condaenv.7gxd1ty6.requirements.txt (line 4)) (0.4.0)
Requirement already satisfied: docopt==0.6.2 in /home/hlcv_team017/miniconda3/envs/hlcv-ss24/lib/python3.9/site-packages (from -r /home/hlcv_team017/env_setup/condaenv.7gxd1ty6.requirements.txt (line 5)) (0.6.2)
Requirement already satisfied: gitdb==4.0.10 in /home/hlcv_team017/miniconda3/envs/hlcv-ss24/lib/python3.9/site-packages (from -r /home/hlcv_team017/env_setup/condaenv.7gxd1ty6.requirements.txt (line 6)) (4.0.10)
Requirement already satisfied: gitpython==3.1.31 in /home/hlcv_team017/miniconda3/envs/hlcv-ss24/lib/python3.9/site-packages (from -r /home/hlcv_team017/env_setup/condaenv.7gxd1ty6.requirements.txt (line 7)) (3.1.31)
Requirement already satisfied: google-auth==2.17.3 in /home/hlcv_team017/miniconda3/envs/hlcv-ss24/lib/python3.9/site-packages (from -r /home/hlcv_team017/env_setup/condaenv.7gxd1ty6.requirements.txt (line 8)) (2.17.3)
Requirement already satisfied: google-auth-oauthlib==1.0.0 in /home/hlcv_team017/miniconda3/envs/hlcv-ss24/lib/python3.9/site-packages (from -r /home/hlcv_team017/env_setup/condaenv.7gxd1ty6.requirements.txt (line 9)) (1.0.0)
Requirement already satisfied: grpcio==1.54.0 in /home/hlcv_team017/miniconda3/envs/hlcv-ss24/lib/python3.9/site-packages (from -r /home/hlcv_team017/env_setup/condaenv.7gxd1ty6.requirements.txt (line 10)) (1.54.0)
Requirement already satisfied: imageio==2.27.0 in /home/hlcv_team017/miniconda3/envs/hlcv-ss24/lib/python3.9/site-packages (from -r /home/hlcv_team017/env_setup/condaenv.7gxd1ty6.requirements.txt (line 11)) (2.27.0)
Requirement already satisfied: markdown==3.4.3 in /home/hlcv_team017/miniconda3/envs/hlcv-ss24/lib/python3.9/site-packages (from -r /home/hlcv_team017/env_setup/condaenv.7gxd1ty6.requirements.txt (line 12)) (3.4.3)
Requirement already satisfied: oauthlib==3.2.2 in /home/hlcv_team017/miniconda3/envs/hlcv-ss24/lib/python3.9/site-packages (from -r /home/hlcv_team017/env_setup/condaenv.7gxd1ty6.requirements.txt (line 13)) (3.2.2)
Collecting opencv-python-headless==4.10.0.84
  Downloading opencv_python_headless-4.10.0.84-cp37-abi3-manylinux_2_17_x86_64.manylinux2014_x86_64.whl (49.9 MB)
     ━━━━━━━━━━━━━━━━━━━━━━━━━━━━━━━━━━━━━━━━ 49.9/49.9 MB 37.7 MB/s eta 0:00:00
Requirement already satisfied: pathtools==0.1.2 in /home/hlcv_team017/miniconda3/envs/hlcv-ss24/lib/python3.9/site-packages (from -r /home/hlcv_team017/env_setup/condaenv.7gxd1ty6.requirements.txt (line 15)) (0.1.2)
Requirement already satisfied: pipreqs==0.4.13 in /home/hlcv_team017/miniconda3/envs/hlcv-ss24/lib/python3.9/site-packages (from -r /home/hlcv_team017/env_setup/condaenv.7gxd1ty6.requirements.txt (line 16)) (0.4.13)
Requirement already satisfied: protobuf==3.20.3 in /home/hlcv_team017/miniconda3/envs/hlcv-ss24/lib/python3.9/site-packages (from -r /home/hlcv_team017/env_setup/condaenv.7gxd1ty6.requirements.txt (line 17)) (3.20.3)
Requirement already satisfied: pyasn1==0.5.0 in /home/hlcv_team017/miniconda3/envs/hlcv-ss24/lib/python3.9/site-packages (from -r /home/hlcv_team017/env_setup/condaenv.7gxd1ty6.requirements.txt (line 18)) (0.5.0)
Requirement already satisfied: pyasn1-modules==0.3.0 in /home/hlcv_team017/miniconda3/envs/hlcv-ss24/lib/python3.9/site-packages (from -r /home/hlcv_team017/env_setup/condaenv.7gxd1ty6.requirements.txt (line 19)) (0.3.0)
Requirement already satisfied: pyyaml==6.0 in /home/hlcv_team017/miniconda3/envs/hlcv-ss24/lib/python3.9/site-packages (from -r /home/hlcv_team017/env_setup/condaenv.7gxd1ty6.requirements.txt (line 20)) (6.0)
Requirement already satisfied: requests-oauthlib==1.3.1 in /home/hlcv_team017/miniconda3/envs/hlcv-ss24/lib/python3.9/site-packages (from -r /home/hlcv_team017/env_setup/condaenv.7gxd1ty6.requirements.txt (line 21)) (1.3.1)
Requirement already satisfied: rsa==4.9 in /home/hlcv_team017/miniconda3/envs/hlcv-ss24/lib/python3.9/site-packages (from -r /home/hlcv_team017/env_setup/condaenv.7gxd1ty6.requirements.txt (line 22)) (4.9)
Requirement already satisfied: sentry-sdk==1.23.1 in /home/hlcv_team017/miniconda3/envs/hlcv-ss24/lib/python3.9/site-packages (from -r /home/hlcv_team017/env_setup/condaenv.7gxd1ty6.requirements.txt (line 23)) (1.23.1)
Requirement already satisfied: setproctitle==1.3.2 in /home/hlcv_team017/miniconda3/envs/hlcv-ss24/lib/python3.9/site-packages (from -r /home/hlcv_team017/env_setup/condaenv.7gxd1ty6.requirements.txt (line 24)) (1.3.2)
Requirement already satisfied: smmap==5.0.0 in /home/hlcv_team017/miniconda3/envs/hlcv-ss24/lib/python3.9/site-packages (from -r /home/hlcv_team017/env_setup/condaenv.7gxd1ty6.requirements.txt (line 25)) (5.0.0)
Requirement already satisfied: tensorboard==2.13.0 in /home/hlcv_team017/miniconda3/envs/hlcv-ss24/lib/python3.9/site-packages (from -r /home/hlcv_team017/env_setup/condaenv.7gxd1ty6.requirements.txt (line 26)) (2.13.0)
Requirement already satisfied: tensorboard-data-server==0.7.0 in /home/hlcv_team017/miniconda3/envs/hlcv-ss24/lib/python3.9/site-packages (from -r /home/hlcv_team017/env_setup/condaenv.7gxd1ty6.requirements.txt (line 27)) (0.7.0)
Requirement already satisfied: tensorboardx==2.6 in /home/hlcv_team017/miniconda3/envs/hlcv-ss24/lib/python3.9/site-packages (from -r /home/hlcv_team017/env_setup/condaenv.7gxd1ty6.requirements.txt (line 28)) (2.6)
Requirement already satisfied: tqdm==4.65.0 in /home/hlcv_team017/miniconda3/envs/hlcv-ss24/lib/python3.9/site-packages (from -r /home/hlcv_team017/env_setup/condaenv.7gxd1ty6.requirements.txt (line 29)) (4.65.0)
Requirement already satisfied: wandb==0.15.3 in /home/hlcv_team017/miniconda3/envs/hlcv-ss24/lib/python3.9/site-packages (from -r /home/hlcv_team017/env_setup/condaenv.7gxd1ty6.requirements.txt (line 30)) (0.15.3)
Requirement already satisfied: werkzeug==2.3.3 in /home/hlcv_team017/miniconda3/envs/hlcv-ss24/lib/python3.9/site-packages (from -r /home/hlcv_team017/env_setup/condaenv.7gxd1ty6.requirements.txt (line 31)) (2.3.3)
Requirement already satisfied: yarg==0.1.9 in /home/hlcv_team017/miniconda3/envs/hlcv-ss24/lib/python3.9/site-packages (from -r /home/hlcv_team017/env_setup/condaenv.7gxd1ty6.requirements.txt (line 32)) (0.1.9)
Requirement already satisfied: six>=1.4.0 in /home/hlcv_team017/miniconda3/envs/hlcv-ss24/lib/python3.9/site-packages (from docker-pycreds==0.4.0->-r /home/hlcv_team017/env_setup/condaenv.7gxd1ty6.requirements.txt (line 4)) (1.16.0)
Requirement already satisfied: numpy in /home/hlcv_team017/miniconda3/envs/hlcv-ss24/lib/python3.9/site-packages (from imageio==2.27.0->-r /home/hlcv_team017/env_setup/condaenv.7gxd1ty6.requirements.txt (line 11)) (1.23.5)
Requirement already satisfied: pillow>=8.3.2 in /home/hlcv_team017/miniconda3/envs/hlcv-ss24/lib/python3.9/site-packages (from imageio==2.27.0->-r /home/hlcv_team017/env_setup/condaenv.7gxd1ty6.requirements.txt (line 11)) (9.4.0)
Requirement already satisfied: importlib-metadata>=4.4 in /home/hlcv_team017/miniconda3/envs/hlcv-ss24/lib/python3.9/site-packages (from markdown==3.4.3->-r /home/hlcv_team017/env_setup/condaenv.7gxd1ty6.requirements.txt (line 12)) (6.0.0)
Requirement already satisfied: requests>=2.0.0 in /home/hlcv_team017/miniconda3/envs/hlcv-ss24/lib/python3.9/site-packages (from requests-oauthlib==1.3.1->-r /home/hlcv_team017/env_setup/condaenv.7gxd1ty6.requirements.txt (line 21)) (2.28.1)
Requirement already satisfied: urllib3>=1.26.11 in /home/hlcv_team017/miniconda3/envs/hlcv-ss24/lib/python3.9/site-packages (from sentry-sdk==1.23.1->-r /home/hlcv_team017/env_setup/condaenv.7gxd1ty6.requirements.txt (line 23)) (1.26.15)
Requirement already satisfied: certifi in /home/hlcv_team017/miniconda3/envs/hlcv-ss24/lib/python3.9/site-packages (from sentry-sdk==1.23.1->-r /home/hlcv_team017/env_setup/condaenv.7gxd1ty6.requirements.txt (line 23)) (2022.12.7)
Requirement already satisfied: setuptools>=41.0.0 in /home/hlcv_team017/miniconda3/envs/hlcv-ss24/lib/python3.9/site-packages (from tensorboard==2.13.0->-r /home/hlcv_team017/env_setup/condaenv.7gxd1ty6.requirements.txt (line 26)) (65.6.3)
Requirement already satisfied: wheel>=0.26 in /home/hlcv_team017/miniconda3/envs/hlcv-ss24/lib/python3.9/site-packages (from tensorboard==2.13.0->-r /home/hlcv_team017/env_setup/condaenv.7gxd1ty6.requirements.txt (line 26)) (0.38.4)
Requirement already satisfied: packaging in /home/hlcv_team017/miniconda3/envs/hlcv-ss24/lib/python3.9/site-packages (from tensorboardx==2.6->-r /home/hlcv_team017/env_setup/condaenv.7gxd1ty6.requirements.txt (line 28)) (23.0)
Requirement already satisfied: typing-extensions in /home/hlcv_team017/miniconda3/envs/hlcv-ss24/lib/python3.9/site-packages (from wandb==0.15.3->-r /home/hlcv_team017/env_setup/condaenv.7gxd1ty6.requirements.txt (line 30)) (4.4.0)
Requirement already satisfied: appdirs>=1.4.3 in /home/hlcv_team017/miniconda3/envs/hlcv-ss24/lib/python3.9/site-packages (from wandb==0.15.3->-r /home/hlcv_team017/env_setup/condaenv.7gxd1ty6.requirements.txt (line 30)) (1.4.4)
Requirement already satisfied: psutil>=5.0.0 in /home/hlcv_team017/miniconda3/envs/hlcv-ss24/lib/python3.9/site-packages (from wandb==0.15.3->-r /home/hlcv_team017/env_setup/condaenv.7gxd1ty6.requirements.txt (line 30)) (5.9.0)
Requirement already satisfied: MarkupSafe>=2.1.1 in /home/hlcv_team017/miniconda3/envs/hlcv-ss24/lib/python3.9/site-packages (from werkzeug==2.3.3->-r /home/hlcv_team017/env_setup/condaenv.7gxd1ty6.requirements.txt (line 31)) (2.1.1)
Requirement already satisfied: zipp>=0.5 in /home/hlcv_team017/miniconda3/envs/hlcv-ss24/lib/python3.9/site-packages (from importlib-metadata>=4.4->markdown==3.4.3->-r /home/hlcv_team017/env_setup/condaenv.7gxd1ty6.requirements.txt (line 12)) (3.11.0)
Requirement already satisfied: charset-normalizer<3,>=2 in /home/hlcv_team017/miniconda3/envs/hlcv-ss24/lib/python3.9/site-packages (from requests>=2.0.0->requests-oauthlib==1.3.1->-r /home/hlcv_team017/env_setup/condaenv.7gxd1ty6.requirements.txt (line 21)) (2.0.4)
Requirement already satisfied: idna<4,>=2.5 in /home/hlcv_team017/miniconda3/envs/hlcv-ss24/lib/python3.9/site-packages (from requests>=2.0.0->requests-oauthlib==1.3.1->-r /home/hlcv_team017/env_setup/condaenv.7gxd1ty6.requirements.txt (line 21)) (3.4)
Installing collected packages: opencv-python-headless
Successfully installed opencv-python-headless-4.10.0.84

done
#
# To activate this environment, use
#
#     $ conda activate hlcv-ss24
#
# To deactivate an active environment, use
#
#     $ conda deactivate

Environment 'hlcv-ss24' updated successfully
To add conda to you path modify ~/.bashrc and add export PATH=/home/hlcv_team017/miniconda3/bin:/opt/conda/bin:/usr/local/sbin:/usr/local/bin:/usr/sbin:/usr/bin:/sbin:/bin
